{"/Users/mac/Desktop/frontend-api-design-pattern-react-ts/src/http-client.ts": {"path":"/Users/mac/Desktop/frontend-api-design-pattern-react-ts/src/http-client.ts","statementMap":{},"fnMap":{},"branchMap":{},"s":{},"f":{},"b":{},"_coverageSchema":"1a1c01bbd47fc00a2c39e90264f33305004495a9","hash":"7de2820c097904288fd19276d4eff626c6b6ada2"}
,"/Users/mac/Desktop/frontend-api-design-pattern-react-ts/src/components/AddInnovatorForm.tsx": {"path":"/Users/mac/Desktop/frontend-api-design-pattern-react-ts/src/components/AddInnovatorForm.tsx","statementMap":{"0":{"start":{"line":7,"column":35},"end":{"line":51,"column":1}},"1":{"start":{"line":8,"column":30},"end":{"line":8,"column":42}},"2":{"start":{"line":9,"column":34},"end":{"line":9,"column":46}},"3":{"start":{"line":10,"column":27},"end":{"line":10,"column":56}},"4":{"start":{"line":12,"column":18},"end":{"line":16,"column":3}},"5":{"start":{"line":18,"column":23},"end":{"line":24,"column":3}},"6":{"start":{"line":19,"column":4},"end":{"line":19,"column":23}},"7":{"start":{"line":20,"column":4},"end":{"line":20,"column":26}},"8":{"start":{"line":22,"column":4},"end":{"line":22,"column":18}},"9":{"start":{"line":23,"column":4},"end":{"line":23,"column":20}},"10":{"start":{"line":26,"column":2},"end":{"line":50,"column":4}},"11":{"start":{"line":33,"column":27},"end":{"line":33,"column":52}},"12":{"start":{"line":43,"column":27},"end":{"line":43,"column":54}}},"fnMap":{"0":{"name":"(anonymous_0)","decl":{"start":{"line":7,"column":35},"end":{"line":7,"column":36}},"loc":{"start":{"line":7,"column":41},"end":{"line":51,"column":1}},"line":7},"1":{"name":"(anonymous_1)","decl":{"start":{"line":18,"column":23},"end":{"line":18,"column":24}},"loc":{"start":{"line":18,"column":53},"end":{"line":24,"column":3}},"line":18},"2":{"name":"(anonymous_2)","decl":{"start":{"line":33,"column":20},"end":{"line":33,"column":21}},"loc":{"start":{"line":33,"column":27},"end":{"line":33,"column":52}},"line":33},"3":{"name":"(anonymous_3)","decl":{"start":{"line":43,"column":20},"end":{"line":43,"column":21}},"loc":{"start":{"line":43,"column":27},"end":{"line":43,"column":54}},"line":43}},"branchMap":{},"s":{"0":1,"1":4,"2":4,"3":4,"4":4,"5":4,"6":1,"7":1,"8":1,"9":1,"10":4,"11":1,"12":1},"f":{"0":4,"1":1,"2":1,"3":1},"b":{},"_coverageSchema":"1a1c01bbd47fc00a2c39e90264f33305004495a9","hash":"15cda7fde2440bfa26cf09ee0f686f238239bc4e"}
,"/Users/mac/Desktop/frontend-api-design-pattern-react-ts/src/components/Innovator.tsx": {"path":"/Users/mac/Desktop/frontend-api-design-pattern-react-ts/src/components/Innovator.tsx","statementMap":{"0":{"start":{"line":4,"column":43},"end":{"line":15,"column":1}},"1":{"start":{"line":5,"column":22},"end":{"line":7,"column":4}},"2":{"start":{"line":6,"column":4},"end":{"line":6,"column":41}},"3":{"start":{"line":9,"column":2},"end":{"line":14,"column":4}}},"fnMap":{"0":{"name":"(anonymous_0)","decl":{"start":{"line":4,"column":43},"end":{"line":4,"column":44}},"loc":{"start":{"line":4,"column":73},"end":{"line":15,"column":1}},"line":4},"1":{"name":"(anonymous_1)","decl":{"start":{"line":5,"column":35},"end":{"line":5,"column":36}},"loc":{"start":{"line":5,"column":53},"end":{"line":7,"column":3}},"line":5}},"branchMap":{},"s":{"0":1,"1":1,"2":2,"3":1},"f":{"0":1,"1":2},"b":{},"_coverageSchema":"1a1c01bbd47fc00a2c39e90264f33305004495a9","hash":"33aea1ef0701db7058063f8e59fc3e0f488aeef0"}
,"/Users/mac/Desktop/frontend-api-design-pattern-react-ts/src/context/InnovatorsContext.tsx": {"path":"/Users/mac/Desktop/frontend-api-design-pattern-react-ts/src/context/InnovatorsContext.tsx","statementMap":{"0":{"start":{"line":20,"column":33},"end":{"line":25,"column":2}},"1":{"start":{"line":31,"column":60},"end":{"line":81,"column":1}},"2":{"start":{"line":32,"column":38},"end":{"line":32,"column":67}},"3":{"start":{"line":33,"column":52},"end":{"line":33,"column":67}},"4":{"start":{"line":34,"column":28},"end":{"line":34,"column":61}},"5":{"start":{"line":35,"column":24},"end":{"line":35,"column":37}},"6":{"start":{"line":37,"column":24},"end":{"line":50,"column":3}},"7":{"start":{"line":38,"column":4},"end":{"line":38,"column":31}},"8":{"start":{"line":40,"column":4},"end":{"line":49,"column":5}},"9":{"start":{"line":41,"column":18},"end":{"line":41,"column":50}},"10":{"start":{"line":42,"column":6},"end":{"line":42,"column":30}},"11":{"start":{"line":44,"column":6},"end":{"line":46,"column":7}},"12":{"start":{"line":45,"column":8},"end":{"line":45,"column":22}},"13":{"start":{"line":48,"column":6},"end":{"line":48,"column":34}},"14":{"start":{"line":52,"column":23},"end":{"line":60,"column":3}},"15":{"start":{"line":53,"column":4},"end":{"line":59,"column":5}},"16":{"start":{"line":54,"column":6},"end":{"line":54,"column":47}},"17":{"start":{"line":55,"column":6},"end":{"line":55,"column":22}},"18":{"start":{"line":56,"column":6},"end":{"line":56,"column":28}},"19":{"start":{"line":58,"column":6},"end":{"line":58,"column":23}},"20":{"start":{"line":61,"column":2},"end":{"line":67,"column":9}},"21":{"start":{"line":62,"column":22},"end":{"line":64,"column":11}},"22":{"start":{"line":63,"column":6},"end":{"line":63,"column":22}},"23":{"start":{"line":66,"column":4},"end":{"line":66,"column":41}},"24":{"start":{"line":66,"column":17},"end":{"line":66,"column":40}},"25":{"start":{"line":69,"column":47},"end":{"line":74,"column":3}},"26":{"start":{"line":76,"column":2},"end":{"line":80,"column":4}}},"fnMap":{"0":{"name":"(anonymous_0)","decl":{"start":{"line":24,"column":16},"end":{"line":24,"column":17}},"loc":{"start":{"line":24,"column":22},"end":{"line":24,"column":24}},"line":24},"1":{"name":"(anonymous_1)","decl":{"start":{"line":31,"column":60},"end":{"line":31,"column":61}},"loc":{"start":{"line":31,"column":78},"end":{"line":81,"column":1}},"line":31},"2":{"name":"(anonymous_2)","decl":{"start":{"line":37,"column":24},"end":{"line":37,"column":25}},"loc":{"start":{"line":37,"column":36},"end":{"line":50,"column":3}},"line":37},"3":{"name":"(anonymous_3)","decl":{"start":{"line":52,"column":23},"end":{"line":52,"column":24}},"loc":{"start":{"line":52,"column":51},"end":{"line":60,"column":3}},"line":52},"4":{"name":"(anonymous_4)","decl":{"start":{"line":61,"column":12},"end":{"line":61,"column":13}},"loc":{"start":{"line":61,"column":18},"end":{"line":67,"column":3}},"line":61},"5":{"name":"(anonymous_5)","decl":{"start":{"line":62,"column":33},"end":{"line":62,"column":34}},"loc":{"start":{"line":62,"column":39},"end":{"line":64,"column":5}},"line":62},"6":{"name":"(anonymous_6)","decl":{"start":{"line":66,"column":11},"end":{"line":66,"column":12}},"loc":{"start":{"line":66,"column":17},"end":{"line":66,"column":40}},"line":66}},"branchMap":{"0":{"loc":{"start":{"line":44,"column":6},"end":{"line":46,"column":7}},"type":"if","locations":[{"start":{"line":44,"column":6},"end":{"line":46,"column":7}},{"start":{},"end":{}}],"line":44}},"s":{"0":1,"1":1,"2":0,"3":0,"4":0,"5":0,"6":0,"7":0,"8":0,"9":0,"10":0,"11":0,"12":0,"13":0,"14":0,"15":0,"16":0,"17":0,"18":0,"19":0,"20":0,"21":0,"22":0,"23":0,"24":0,"25":0,"26":0},"f":{"0":1,"1":0,"2":0,"3":0,"4":0,"5":0,"6":0},"b":{"0":[0,0]},"_coverageSchema":"1a1c01bbd47fc00a2c39e90264f33305004495a9","hash":"0d79cf9412d9745a6531d6d47abbfed62b951274"}
,"/Users/mac/Desktop/frontend-api-design-pattern-react-ts/src/hooks/useResource.ts": {"path":"/Users/mac/Desktop/frontend-api-design-pattern-react-ts/src/hooks/useResource.ts","statementMap":{"0":{"start":{"line":5,"column":20},"end":{"line":23,"column":1}},"1":{"start":{"line":6,"column":34},"end":{"line":6,"column":49}},"2":{"start":{"line":8,"column":22},"end":{"line":17,"column":5}},"3":{"start":{"line":9,"column":8},"end":{"line":9,"column":24}},"4":{"start":{"line":11,"column":8},"end":{"line":16,"column":18}},"5":{"start":{"line":12,"column":29},"end":{"line":12,"column":32}},"6":{"start":{"line":13,"column":30},"end":{"line":13,"column":33}},"7":{"start":{"line":15,"column":20},"end":{"line":15,"column":37}},"8":{"start":{"line":19,"column":4},"end":{"line":22,"column":5}}},"fnMap":{"0":{"name":"(anonymous_0)","decl":{"start":{"line":5,"column":20},"end":{"line":5,"column":21}},"loc":{"start":{"line":5,"column":26},"end":{"line":23,"column":1}},"line":5},"1":{"name":"(anonymous_1)","decl":{"start":{"line":8,"column":22},"end":{"line":8,"column":23}},"loc":{"start":{"line":8,"column":49},"end":{"line":17,"column":5}},"line":8},"2":{"name":"(anonymous_2)","decl":{"start":{"line":12,"column":22},"end":{"line":12,"column":23}},"loc":{"start":{"line":12,"column":29},"end":{"line":12,"column":32}},"line":12},"3":{"name":"(anonymous_3)","decl":{"start":{"line":13,"column":23},"end":{"line":13,"column":24}},"loc":{"start":{"line":13,"column":30},"end":{"line":13,"column":33}},"line":13},"4":{"name":"(anonymous_4)","decl":{"start":{"line":14,"column":25},"end":{"line":14,"column":26}},"loc":{"start":{"line":14,"column":31},"end":{"line":16,"column":17}},"line":14}},"branchMap":{},"s":{"0":1,"1":0,"2":0,"3":0,"4":0,"5":0,"6":0,"7":0,"8":0},"f":{"0":0,"1":0,"2":0,"3":0,"4":0},"b":{},"_coverageSchema":"1a1c01bbd47fc00a2c39e90264f33305004495a9","hash":"88bc47177c0dcc2f959b8d9e6ec62bd9f8d46415"}
,"/Users/mac/Desktop/frontend-api-design-pattern-react-ts/src/models/innovatorsModel.ts": {"path":"/Users/mac/Desktop/frontend-api-design-pattern-react-ts/src/models/innovatorsModel.ts","statementMap":{"0":{"start":{"line":8,"column":49},"end":{"line":11,"column":3}},"1":{"start":{"line":13,"column":32},"end":{"line":21,"column":3}},"2":{"start":{"line":14,"column":38},"end":{"line":18,"column":5}},"3":{"start":{"line":20,"column":4},"end":{"line":20,"column":20}},"4":{"start":{"line":24,"column":34},"end":{"line":31,"column":3}},"5":{"start":{"line":25,"column":40},"end":{"line":28,"column":5}},"6":{"start":{"line":30,"column":4},"end":{"line":30,"column":19}}},"fnMap":{"0":{"name":"(anonymous_0)","decl":{"start":{"line":13,"column":32},"end":{"line":13,"column":33}},"loc":{"start":{"line":13,"column":51},"end":{"line":21,"column":3}},"line":13},"1":{"name":"(anonymous_1)","decl":{"start":{"line":24,"column":34},"end":{"line":24,"column":35}},"loc":{"start":{"line":24,"column":51},"end":{"line":31,"column":3}},"line":24}},"branchMap":{},"s":{"0":1,"1":1,"2":0,"3":0,"4":1,"5":0,"6":0},"f":{"0":0,"1":0},"b":{},"_coverageSchema":"1a1c01bbd47fc00a2c39e90264f33305004495a9","hash":"1aa97eb1d00a9f2d34a0cc45c944009a484adb43"}
}
